<?xml version="1.0" encoding="UTF-8"?>
<!-- Generated by org.testng.reporters.JUnitReportReporter -->
<testsuite hostname="WIN-LIPGHI3H7B3" failures="0" tests="1" name="restAssured.GetTest" time="1.115" errors="0" timestamp="2024-06-11T04:51:23 PDT" skipped="0">
  <testcase classname="restAssured.GetTest" name="get" time="1.115"/>
  <system-out/>
</testsuite> <!-- restAssured.GetTest -->
